<?xml version="1.0" encoding="UTF-8"?>
<testsuites name="Mocha Tests" time="3.505" tests="2" failures="0">
  <testsuite name="Root Suite" timestamp="2022-11-25T18:08:35" tests="0" file="cypress/integration/sample_spec.js" failures="0" time="0">
  </testsuite>
  <testsuite name="My First Test" timestamp="2022-11-25T18:08:35" tests="1" failures="0" time="0.073">
    <testcase name="My First Test Does not do much!" time="0.073" classname="Does not do much!">
    </testcase>
  </testsuite>
  <testsuite name="My second test" timestamp="2022-11-25T18:08:35" tests="1" failures="0" time="3.432">
    <testcase name="My second test Gets, types and asserts" time="3.432" classname="Gets, types and asserts">
    </testcase>
  </testsuite>
</testsuites>