<?xml version="1.0" encoding="UTF-8"?>
<testsuites name="Mocha Tests" time="0.021" tests="1" failures="0">
  <testsuite name="Root Suite" timestamp="2025-07-18T05:44:08" tests="0" file="cypress/e2e/sample_spec.js" time="0.000" failures="0">
  </testsuite>
  <testsuite name="My First Test" timestamp="2025-07-18T05:44:08" tests="1" time="0.019" failures="0">
    <testcase name="My First Test Does not do much!" time="0.010" classname="Does not do much!">
    </testcase>
  </testsuite>
</testsuites>